<?xml version="1.0" encoding="UTF-8"?>
<testng-results ignored="3" total="4" passed="1" failed="0" skipped="0">
  <reporter-output>
    <line>
      <![CDATA[Validating --> Actual : ***Explore All Vehicles***. Expected: ***Explore All Vehicles ***<br>]]>
    </line>
    <line>
      <![CDATA[Validating --> Actual : ***SET YOUR LOCATION***. Expected: ***SET YOUR LOCATION ***<br>]]>
    </line>
    <line>
      <![CDATA[11373 <-------- This value has been passed into -->[[ChromeDriver: chrome on WINDOWS (849ba66bcd268a6e0e1e511bef8d5999)] -> xpath: //input[@name='zipcode']]<br>]]>
    </line>
    <line>
      <![CDATA[Proxy element for: DefaultElementLocator 'By.xpath: //button[normalize-space(text())='Submit']'--> has been clicked<br>]]>
    </line>
    <line>
      <![CDATA[Validating --> Actual : ***Build Your Toyota***. Expected: ***Build Your Toyota ***<br>]]>
    </line>
    <line>
      <![CDATA[Proxy element for: DefaultElementLocator 'By.xpath: //div[@data-aa-link-text='build 2023 camry']//following-sibling::div[@data-aa-link-text='build 2022 camryhybrid']//following-sibling::div[@data-aa-link-text='build 2023 camryhybrid']'--> has been clicked<br>]]>
    </line>
    <line>
      <![CDATA[Validating --> Actual : ***2023 Camry LE Hybrid***. Expected: ***2023 Camry LE Hybrid ***<br>]]>
    </line>
    <line>
      <![CDATA[[[ChromeDriver: chrome on WINDOWS (849ba66bcd268a6e0e1e511bef8d5999)] -> xpath: //button[@class='tcom-step-button next button primary']]--> has been clicked<br>]]>
    </line>
    <line>
      <![CDATA[[[ChromeDriver: chrome on WINDOWS (849ba66bcd268a6e0e1e511bef8d5999)] -> xpath: //button[@class='tcom-step-button next button primary']]--> has been clicked<br>]]>
    </line>
    <line>
      <![CDATA[[[ChromeDriver: chrome on WINDOWS (849ba66bcd268a6e0e1e511bef8d5999)] -> xpath: //button[@class='tcom-step-button next button primary']]--> has been clicked<br>]]>
    </line>
    <line>
      <![CDATA[[[ChromeDriver: chrome on WINDOWS (849ba66bcd268a6e0e1e511bef8d5999)] -> xpath: //button[@class='tcom-step-button next button primary']]--> has been clicked<br>]]>
    </line>
    <line>
      <![CDATA[[[ChromeDriver: chrome on WINDOWS (849ba66bcd268a6e0e1e511bef8d5999)] -> xpath: //button[@class='tcom-step-button next button primary']]--> has been clicked<br>]]>
    </line>
    <line>
      <![CDATA[[[ChromeDriver: chrome on WINDOWS (849ba66bcd268a6e0e1e511bef8d5999)] -> css selector: .tcom-raq-cta.button.primary.raq-modal-cta.button-01]--> has been clicked<br>]]>
    </line>
  </reporter-output>
  <suite started-at="2023-02-25T19:47:12 GMT-05:00" name="Suite" finished-at="2023-02-25T19:47:59 GMT-05:00" duration-ms="46182">
    <groups>
    </groups>
    <test started-at="2023-02-25T19:47:12 GMT-05:00" name="test" finished-at="2023-02-25T19:47:59 GMT-05:00" duration-ms="46182">
      <class name="toyota.tdd.test.auto.BuildPriceTest">
        <test-method is-config="true" signature="initExtentReport()[pri:0, instance:toyota.tdd.test.auto.BuildPriceTest@537f60bf]" started-at="2023-02-25T19:47:12 GMT-05:00" name="initExtentReport" finished-at="2023-02-25T19:47:12 GMT-05:00" duration-ms="382" status="PASS">
          <reporter-output>
          </reporter-output>
        </test-method> <!-- initExtentReport -->
        <test-method is-config="true" signature="startExtentReport(java.lang.reflect.Method)[pri:0, instance:toyota.tdd.test.auto.BuildPriceTest@537f60bf]" started-at="2023-02-25T19:47:12 GMT-05:00" name="startExtentReport" finished-at="2023-02-25T19:47:12 GMT-05:00" duration-ms="8" status="PASS">
          <params>
            <param index="0">
              <value>
                <![CDATA[public void toyota.tdd.test.auto.BuildPriceTest.buldAndPriceTest()]]>
              </value>
            </param>
          </params>
          <reporter-output>
          </reporter-output>
        </test-method> <!-- startExtentReport -->
        <test-method is-config="true" signature="setUpDriver(java.lang.String)[pri:0, instance:toyota.tdd.test.auto.BuildPriceTest@537f60bf]" started-at="2023-02-25T19:47:12 GMT-05:00" name="setUpDriver" finished-at="2023-02-25T19:47:19 GMT-05:00" duration-ms="6488" status="PASS">
          <params>
            <param index="0">
              <value>
                <![CDATA[chrome]]>
              </value>
            </param>
          </params>
          <reporter-output>
          </reporter-output>
        </test-method> <!-- setUpDriver -->
        <test-method signature="buldAndPriceTest()[pri:0, instance:toyota.tdd.test.auto.BuildPriceTest@537f60bf]" started-at="2023-02-25T19:47:19 GMT-05:00" name="buldAndPriceTest" finished-at="2023-02-25T19:47:58 GMT-05:00" duration-ms="39336" status="PASS">
          <reporter-output>
            <line>
              <![CDATA[Validating --> Actual : ***Explore All Vehicles***. Expected: ***Explore All Vehicles ***<br>]]>
            </line>
            <line>
              <![CDATA[Validating --> Actual : ***SET YOUR LOCATION***. Expected: ***SET YOUR LOCATION ***<br>]]>
            </line>
            <line>
              <![CDATA[11373 <-------- This value has been passed into -->[[ChromeDriver: chrome on WINDOWS (849ba66bcd268a6e0e1e511bef8d5999)] -> xpath: //input[@name='zipcode']]<br>]]>
            </line>
            <line>
              <![CDATA[Proxy element for: DefaultElementLocator 'By.xpath: //button[normalize-space(text())='Submit']'--> has been clicked<br>]]>
            </line>
            <line>
              <![CDATA[Validating --> Actual : ***Build Your Toyota***. Expected: ***Build Your Toyota ***<br>]]>
            </line>
            <line>
              <![CDATA[Proxy element for: DefaultElementLocator 'By.xpath: //div[@data-aa-link-text='build 2023 camry']//following-sibling::div[@data-aa-link-text='build 2022 camryhybrid']//following-sibling::div[@data-aa-link-text='build 2023 camryhybrid']'--> has been clicked<br>]]>
            </line>
            <line>
              <![CDATA[Validating --> Actual : ***2023 Camry LE Hybrid***. Expected: ***2023 Camry LE Hybrid ***<br>]]>
            </line>
            <line>
              <![CDATA[[[ChromeDriver: chrome on WINDOWS (849ba66bcd268a6e0e1e511bef8d5999)] -> xpath: //button[@class='tcom-step-button next button primary']]--> has been clicked<br>]]>
            </line>
            <line>
              <![CDATA[[[ChromeDriver: chrome on WINDOWS (849ba66bcd268a6e0e1e511bef8d5999)] -> xpath: //button[@class='tcom-step-button next button primary']]--> has been clicked<br>]]>
            </line>
            <line>
              <![CDATA[[[ChromeDriver: chrome on WINDOWS (849ba66bcd268a6e0e1e511bef8d5999)] -> xpath: //button[@class='tcom-step-button next button primary']]--> has been clicked<br>]]>
            </line>
            <line>
              <![CDATA[[[ChromeDriver: chrome on WINDOWS (849ba66bcd268a6e0e1e511bef8d5999)] -> xpath: //button[@class='tcom-step-button next button primary']]--> has been clicked<br>]]>
            </line>
            <line>
              <![CDATA[[[ChromeDriver: chrome on WINDOWS (849ba66bcd268a6e0e1e511bef8d5999)] -> xpath: //button[@class='tcom-step-button next button primary']]--> has been clicked<br>]]>
            </line>
            <line>
              <![CDATA[[[ChromeDriver: chrome on WINDOWS (849ba66bcd268a6e0e1e511bef8d5999)] -> css selector: .tcom-raq-cta.button.primary.raq-modal-cta.button-01]--> has been clicked<br>]]>
            </line>
          </reporter-output>
        </test-method> <!-- buldAndPriceTest -->
        <test-method is-config="true" signature="getResult(org.testng.ITestResult,java.lang.reflect.Method)[pri:0, instance:toyota.tdd.test.auto.BuildPriceTest@537f60bf]" started-at="2023-02-25T19:47:58 GMT-05:00" name="getResult" finished-at="2023-02-25T19:47:58 GMT-05:00" duration-ms="0" status="PASS">
          <params>
            <param index="0">
              <value>
                <![CDATA[[TestResult name=buldAndPriceTest status=SUCCESS method=BuildPriceTest.buldAndPriceTest()[pri:0, instance:toyota.tdd.test.auto.BuildPriceTest@537f60bf] output=Validating --> Actual : ***Explore All Vehicles***. Expected: ***Explore All Vehicles ***<br>]]]>
              </value>
            </param>
            <param index="1">
              <value>
                <![CDATA[public void toyota.tdd.test.auto.BuildPriceTest.buldAndPriceTest()]]>
              </value>
            </param>
          </params>
          <reporter-output>
          </reporter-output>
        </test-method> <!-- getResult -->
        <test-method is-config="true" signature="tearUp()[pri:0, instance:toyota.tdd.test.auto.BuildPriceTest@537f60bf]" started-at="2023-02-25T19:47:58 GMT-05:00" name="tearUp" finished-at="2023-02-25T19:47:59 GMT-05:00" duration-ms="297" status="PASS">
          <reporter-output>
          </reporter-output>
        </test-method> <!-- tearUp -->
        <test-method is-config="true" signature="closeReport()[pri:0, instance:toyota.tdd.test.auto.BuildPriceTest@537f60bf]" started-at="2023-02-25T19:47:59 GMT-05:00" name="closeReport" finished-at="2023-02-25T19:47:59 GMT-05:00" duration-ms="410" status="PASS">
          <reporter-output>
          </reporter-output>
        </test-method> <!-- closeReport -->
      </class> <!-- toyota.tdd.test.auto.BuildPriceTest -->
    </test> <!-- test -->
  </suite> <!-- Suite -->
</testng-results>
